21/01/07 19:23:55 WARN NativeCodeLoader: Unable to load native-hadoop library for your platform... using builtin-java classes where applicable
21/01/07 19:23:55 INFO SecurityManager: Changing view acls to: fanyin
21/01/07 19:23:55 INFO SecurityManager: Changing modify acls to: fanyin
21/01/07 19:23:55 INFO SecurityManager: Changing view acls groups to: 
21/01/07 19:23:55 INFO SecurityManager: Changing modify acls groups to: 
21/01/07 19:23:55 INFO SecurityManager: SecurityManager: authentication disabled; ui acls disabled; users  with view permissions: Set(fanyin); groups with view permissions: Set(); users  with modify permissions: Set(fanyin); groups with modify permissions: Set()
21/01/07 19:23:56 INFO HiveConf: Found configuration file file:/C:/Users/fanyin/AppData/Local/spark/spark-3.0.1-bin-hadoop3.2/conf/hive-site.xml
21/01/07 19:23:57 INFO SparkContext: Running Spark version 3.0.1
21/01/07 19:23:57 WARN SparkConf: Note that spark.local.dir will be overridden by the value set by the cluster manager (via SPARK_LOCAL_DIRS in mesos/standalone/kubernetes and LOCAL_DIRS in YARN).
21/01/07 19:23:57 INFO ResourceUtils: ==============================================================
21/01/07 19:23:57 INFO ResourceUtils: Resources for spark.driver:

21/01/07 19:23:57 INFO ResourceUtils: ==============================================================
21/01/07 19:23:57 INFO SparkContext: Submitted application: sparklyr
21/01/07 19:23:57 INFO SecurityManager: Changing view acls to: fanyin
21/01/07 19:23:57 INFO SecurityManager: Changing modify acls to: fanyin
21/01/07 19:23:57 INFO SecurityManager: Changing view acls groups to: 
21/01/07 19:23:57 INFO SecurityManager: Changing modify acls groups to: 
21/01/07 19:23:57 INFO SecurityManager: SecurityManager: authentication disabled; ui acls disabled; users  with view permissions: Set(fanyin); groups with view permissions: Set(); users  with modify permissions: Set(fanyin); groups with modify permissions: Set()
21/01/07 19:23:57 INFO Utils: Successfully started service 'sparkDriver' on port 64341.
21/01/07 19:23:57 INFO SparkEnv: Registering MapOutputTracker
21/01/07 19:23:57 INFO SparkEnv: Registering BlockManagerMaster
21/01/07 19:23:57 INFO BlockManagerMasterEndpoint: Using org.apache.spark.storage.DefaultTopologyMapper for getting topology information
21/01/07 19:23:57 INFO BlockManagerMasterEndpoint: BlockManagerMasterEndpoint up
21/01/07 19:23:57 INFO SparkEnv: Registering BlockManagerMasterHeartbeat
21/01/07 19:23:57 INFO DiskBlockManager: Created local directory at C:\Users\fanyin\AppData\Local\spark\spark-3.0.1-bin-hadoop3.2\tmp\local\blockmgr-a12855bb-931b-41f2-a215-469763fbd1ff
21/01/07 19:23:57 INFO MemoryStore: MemoryStore started with capacity 912.3 MiB
21/01/07 19:23:57 INFO SparkEnv: Registering OutputCommitCoordinator
21/01/07 19:23:57 WARN Utils: The configured local directories are not expected to be URIs; however, got suspicious values [C:/Users/fanyin/AppData/Local/spark/spark-3.0.1-bin-hadoop3.2/tmp/local]. Please check your configured local directories.
21/01/07 19:23:57 INFO Utils: Successfully started service 'SparkUI' on port 4040.
21/01/07 19:23:58 INFO SparkUI: Bound SparkUI to 127.0.0.1, and started at http://127.0.0.1:4040
21/01/07 19:23:58 INFO SparkContext: Added JAR file:/C:/Users/fanyin/Documents/R/win-library/4.0/sparklyr/java/sparklyr-3.0-2.12.jar at spark://127.0.0.1:64341/jars/sparklyr-3.0-2.12.jar with timestamp 1610076238064
21/01/07 19:23:58 INFO Executor: Starting executor ID driver on host 127.0.0.1
21/01/07 19:23:58 INFO Utils: Successfully started service 'org.apache.spark.network.netty.NettyBlockTransferService' on port 64384.
21/01/07 19:23:58 INFO NettyBlockTransferService: Server created on 127.0.0.1:64384
21/01/07 19:23:58 INFO BlockManager: Using org.apache.spark.storage.RandomBlockReplicationPolicy for block replication policy
21/01/07 19:23:58 INFO BlockManagerMaster: Registering BlockManager BlockManagerId(driver, 127.0.0.1, 64384, None)
21/01/07 19:23:58 INFO BlockManagerMasterEndpoint: Registering block manager 127.0.0.1:64384 with 912.3 MiB RAM, BlockManagerId(driver, 127.0.0.1, 64384, None)
21/01/07 19:23:58 INFO BlockManagerMaster: Registered BlockManager BlockManagerId(driver, 127.0.0.1, 64384, None)
21/01/07 19:23:58 INFO BlockManager: Initialized BlockManager: BlockManagerId(driver, 127.0.0.1, 64384, None)
21/01/07 19:23:58 INFO SharedState: loading hive config file: file:/C:/Users/fanyin/AppData/Local/spark/spark-3.0.1-bin-hadoop3.2/conf/hive-site.xml
21/01/07 19:23:58 INFO SharedState: Setting hive.metastore.warehouse.dir ('C:/Users/fanyin/AppData/Local/spark/spark-3.0.1-bin-hadoop3.2/tmp/hive') to the value of spark.sql.warehouse.dir ('C:/Users/fanyin/AppData/Local/spark/spark-3.0.1-bin-hadoop3.2/tmp/hive').
21/01/07 19:23:58 INFO SharedState: Warehouse path is 'C:/Users/fanyin/AppData/Local/spark/spark-3.0.1-bin-hadoop3.2/tmp/hive'.
21/01/07 19:23:58 WARN SharedState: Not allowing to set spark.sql.warehouse.dir or hive.metastore.warehouse.dir in SparkSession's options, it should be set statically for cross-session usages
21/01/07 19:24:02 INFO HiveUtils: Initializing HiveMetastoreConnection version 2.3.7 using Spark classes.
21/01/07 19:24:02 INFO HiveConf: Found configuration file file:/C:/Users/fanyin/AppData/Local/spark/spark-3.0.1-bin-hadoop3.2/conf/hive-site.xml
21/01/07 19:24:03 INFO SessionState: Created HDFS directory: C:/Users/fanyin/AppData/Local/spark/spark-3.0.1-bin-hadoop3.2/tmp/hive/fanyin
21/01/07 19:24:03 INFO SessionState: Created HDFS directory: C:/Users/fanyin/AppData/Local/spark/spark-3.0.1-bin-hadoop3.2/tmp/hive/fanyin/fba1e2d0-8893-472f-80ca-52c937376c73
21/01/07 19:24:03 INFO SessionState: Created local directory: C:/Users/fanyin/AppData/Local/spark/spark-3.0.1-bin-hadoop3.2/tmp/hive/fba1e2d0-8893-472f-80ca-52c937376c73
21/01/07 19:24:03 INFO SessionState: Created HDFS directory: C:/Users/fanyin/AppData/Local/spark/spark-3.0.1-bin-hadoop3.2/tmp/hive/fanyin/fba1e2d0-8893-472f-80ca-52c937376c73/_tmp_space.db
21/01/07 19:24:03 INFO HiveClientImpl: Warehouse location for Hive client (version 2.3.7) is C:/Users/fanyin/AppData/Local/spark/spark-3.0.1-bin-hadoop3.2/tmp/hive
21/01/07 19:24:04 WARN HiveConf: HiveConf of name hive.stats.jdbc.timeout does not exist
21/01/07 19:24:04 WARN HiveConf: HiveConf of name hive.stats.retries.wait does not exist
21/01/07 19:24:04 INFO HiveMetaStore: 0: Opening raw store with implementation class:org.apache.hadoop.hive.metastore.ObjectStore
21/01/07 19:24:04 INFO ObjectStore: ObjectStore, initialize called
21/01/07 19:24:04 INFO Persistence: Property hive.metastore.integral.jdo.pushdown unknown - will be ignored
21/01/07 19:24:04 INFO Persistence: Property datanucleus.cache.level2 unknown - will be ignored
21/01/07 19:24:05 INFO ObjectStore: Setting MetaStore object pin classes with hive.metastore.cache.pinobjtypes="Table,StorageDescriptor,SerDeInfo,Partition,Database,Type,FieldSchema,Order"
21/01/07 19:24:07 INFO MetaStoreDirectSql: Using direct SQL, underlying DB is DERBY
21/01/07 19:24:07 INFO ObjectStore: Initialized ObjectStore
21/01/07 19:24:07 WARN ObjectStore: Version information not found in metastore. hive.metastore.schema.verification is not enabled so recording the schema version 2.3.0
21/01/07 19:24:07 WARN ObjectStore: setMetaStoreSchemaVersion called but recording version is disabled: version = 2.3.0, comment = Set by MetaStore UNKNOWN@192.168.0.106
21/01/07 19:24:07 WARN ObjectStore: Failed to get database default, returning NoSuchObjectException
21/01/07 19:24:07 INFO HiveMetaStore: Added admin role in metastore
21/01/07 19:24:07 INFO HiveMetaStore: Added public role in metastore
21/01/07 19:24:07 INFO HiveMetaStore: No user is added in admin role, since config is empty
21/01/07 19:24:07 INFO HiveMetaStore: 0: get_all_functions
21/01/07 19:24:07 INFO audit: ugi=fanyin	ip=unknown-ip-addr	cmd=get_all_functions	
21/01/07 19:24:07 INFO HiveMetaStore: 0: get_database: default
21/01/07 19:24:07 INFO audit: ugi=fanyin	ip=unknown-ip-addr	cmd=get_database: default	
21/01/07 19:24:07 INFO HiveMetaStore: 0: get_database: global_temp
21/01/07 19:24:07 INFO audit: ugi=fanyin	ip=unknown-ip-addr	cmd=get_database: global_temp	
21/01/07 19:24:07 WARN ObjectStore: Failed to get database global_temp, returning NoSuchObjectException
21/01/07 19:24:07 INFO HiveMetaStore: 0: get_database: default
21/01/07 19:24:07 INFO audit: ugi=fanyin	ip=unknown-ip-addr	cmd=get_database: default	
21/01/07 19:24:07 INFO HiveMetaStore: 0: get_database: default
21/01/07 19:24:07 INFO audit: ugi=fanyin	ip=unknown-ip-addr	cmd=get_database: default	
21/01/07 19:24:07 INFO HiveMetaStore: 0: get_tables: db=default pat=*
21/01/07 19:24:07 INFO audit: ugi=fanyin	ip=unknown-ip-addr	cmd=get_tables: db=default pat=*	
21/01/07 19:24:08 INFO CodeGenerator: Code generated in 308.0622 ms
21/01/07 19:24:08 INFO CodeGenerator: Code generated in 14.3592 ms
21/01/07 19:24:09 INFO SparkContext: Starting job: count at utils.scala:116
21/01/07 19:24:09 INFO DAGScheduler: Registering RDD 2 (count at utils.scala:116) as input to shuffle 0
21/01/07 19:24:09 INFO DAGScheduler: Got job 0 (count at utils.scala:116) with 1 output partitions
21/01/07 19:24:09 INFO DAGScheduler: Final stage: ResultStage 1 (count at utils.scala:116)
21/01/07 19:24:09 INFO DAGScheduler: Parents of final stage: List(ShuffleMapStage 0)
21/01/07 19:24:09 INFO DAGScheduler: Missing parents: List()
21/01/07 19:24:09 INFO DAGScheduler: Submitting ResultStage 1 (MapPartitionsRDD[5] at count at utils.scala:116), which has no missing parents
21/01/07 19:24:09 INFO MemoryStore: Block broadcast_0 stored as values in memory (estimated size 10.1 KiB, free 912.3 MiB)
21/01/07 19:24:09 INFO MemoryStore: Block broadcast_0_piece0 stored as bytes in memory (estimated size 5.0 KiB, free 912.3 MiB)
21/01/07 19:24:09 INFO BlockManagerInfo: Added broadcast_0_piece0 in memory on 127.0.0.1:64384 (size: 5.0 KiB, free: 912.3 MiB)
21/01/07 19:24:09 INFO SparkContext: Created broadcast 0 from broadcast at DAGScheduler.scala:1223
21/01/07 19:24:09 INFO DAGScheduler: Submitting 1 missing tasks from ResultStage 1 (MapPartitionsRDD[5] at count at utils.scala:116) (first 15 tasks are for partitions Vector(0))
21/01/07 19:24:09 INFO TaskSchedulerImpl: Adding task set 1.0 with 1 tasks
21/01/07 19:24:09 INFO TaskSetManager: Starting task 0.0 in stage 1.0 (TID 0, 127.0.0.1, executor driver, partition 0, PROCESS_LOCAL, 7325 bytes)
21/01/07 19:24:09 INFO Executor: Running task 0.0 in stage 1.0 (TID 0)
21/01/07 19:24:09 INFO Executor: Fetching spark://127.0.0.1:64341/jars/sparklyr-3.0-2.12.jar with timestamp 1610076238064
21/01/07 19:24:09 INFO TransportClientFactory: Successfully created connection to /127.0.0.1:64341 after 26 ms (0 ms spent in bootstraps)
21/01/07 19:24:09 INFO Utils: Fetching spark://127.0.0.1:64341/jars/sparklyr-3.0-2.12.jar to C:\Users\fanyin\AppData\Local\spark\spark-3.0.1-bin-hadoop3.2\tmp\local\spark-97ff509b-1ca1-445e-a051-19597570f7bb\userFiles-d78c8de5-58db-42c0-bc38-257d51cd8565\fetchFileTemp486738116540189822.tmp
21/01/07 19:24:09 INFO Executor: Adding file:/C:/Users/fanyin/AppData/Local/spark/spark-3.0.1-bin-hadoop3.2/tmp/local/spark-97ff509b-1ca1-445e-a051-19597570f7bb/userFiles-d78c8de5-58db-42c0-bc38-257d51cd8565/sparklyr-3.0-2.12.jar to class loader
21/01/07 19:24:09 INFO ShuffleBlockFetcherIterator: Getting 0 (0.0 B) non-empty blocks including 0 (0.0 B) local and 0 (0.0 B) host-local and 0 (0.0 B) remote blocks
21/01/07 19:24:09 INFO ShuffleBlockFetcherIterator: Started 0 remote fetches in 7 ms
21/01/07 19:24:09 INFO Executor: Finished task 0.0 in stage 1.0 (TID 0). 2641 bytes result sent to driver
21/01/07 19:24:09 INFO TaskSetManager: Finished task 0.0 in stage 1.0 (TID 0) in 471 ms on 127.0.0.1 (executor driver) (1/1)
21/01/07 19:24:09 INFO TaskSchedulerImpl: Removed TaskSet 1.0, whose tasks have all completed, from pool 
21/01/07 19:24:09 INFO DAGScheduler: ResultStage 1 (count at utils.scala:116) finished in 0.667 s
21/01/07 19:24:09 INFO DAGScheduler: Job 0 is finished. Cancelling potential speculative or zombie tasks for this job
21/01/07 19:24:09 INFO TaskSchedulerImpl: Killing all running tasks in stage 1: Stage finished
21/01/07 19:24:09 INFO DAGScheduler: Job 0 finished: count at utils.scala:116, took 0.722954 s
21/01/07 19:24:09 INFO HiveMetaStore: 0: get_database: default
21/01/07 19:24:09 INFO audit: ugi=fanyin	ip=unknown-ip-addr	cmd=get_database: default	
21/01/07 19:24:09 INFO HiveMetaStore: 0: get_database: default
21/01/07 19:24:09 INFO audit: ugi=fanyin	ip=unknown-ip-addr	cmd=get_database: default	
21/01/07 19:24:09 INFO HiveMetaStore: 0: get_tables: db=default pat=*
21/01/07 19:24:09 INFO audit: ugi=fanyin	ip=unknown-ip-addr	cmd=get_tables: db=default pat=*	
21/01/07 19:24:09 INFO SparkContext: Starting job: count at utils.scala:116
21/01/07 19:24:10 INFO DAGScheduler: Registering RDD 8 (count at utils.scala:116) as input to shuffle 1
21/01/07 19:24:10 INFO DAGScheduler: Got job 1 (count at utils.scala:116) with 1 output partitions
21/01/07 19:24:10 INFO DAGScheduler: Final stage: ResultStage 3 (count at utils.scala:116)
21/01/07 19:24:10 INFO DAGScheduler: Parents of final stage: List(ShuffleMapStage 2)
21/01/07 19:24:10 INFO DAGScheduler: Missing parents: List()
21/01/07 19:24:10 INFO DAGScheduler: Submitting ResultStage 3 (MapPartitionsRDD[11] at count at utils.scala:116), which has no missing parents
21/01/07 19:24:10 INFO MemoryStore: Block broadcast_1 stored as values in memory (estimated size 10.1 KiB, free 912.3 MiB)
21/01/07 19:24:10 INFO MemoryStore: Block broadcast_1_piece0 stored as bytes in memory (estimated size 5.0 KiB, free 912.3 MiB)
21/01/07 19:24:10 INFO BlockManagerInfo: Added broadcast_1_piece0 in memory on 127.0.0.1:64384 (size: 5.0 KiB, free: 912.3 MiB)
21/01/07 19:24:10 INFO SparkContext: Created broadcast 1 from broadcast at DAGScheduler.scala:1223
21/01/07 19:24:10 INFO DAGScheduler: Submitting 1 missing tasks from ResultStage 3 (MapPartitionsRDD[11] at count at utils.scala:116) (first 15 tasks are for partitions Vector(0))
21/01/07 19:24:10 INFO TaskSchedulerImpl: Adding task set 3.0 with 1 tasks
21/01/07 19:24:10 INFO TaskSetManager: Starting task 0.0 in stage 3.0 (TID 1, 127.0.0.1, executor driver, partition 0, PROCESS_LOCAL, 7325 bytes)
21/01/07 19:24:10 INFO Executor: Running task 0.0 in stage 3.0 (TID 1)
21/01/07 19:24:10 INFO ShuffleBlockFetcherIterator: Getting 0 (0.0 B) non-empty blocks including 0 (0.0 B) local and 0 (0.0 B) host-local and 0 (0.0 B) remote blocks
21/01/07 19:24:10 INFO ShuffleBlockFetcherIterator: Started 0 remote fetches in 0 ms
21/01/07 19:24:10 INFO Executor: Finished task 0.0 in stage 3.0 (TID 1). 2555 bytes result sent to driver
21/01/07 19:24:10 INFO TaskSetManager: Finished task 0.0 in stage 3.0 (TID 1) in 8 ms on 127.0.0.1 (executor driver) (1/1)
21/01/07 19:24:10 INFO TaskSchedulerImpl: Removed TaskSet 3.0, whose tasks have all completed, from pool 
21/01/07 19:24:10 INFO DAGScheduler: ResultStage 3 (count at utils.scala:116) finished in 0.016 s
21/01/07 19:24:10 INFO DAGScheduler: Job 1 is finished. Cancelling potential speculative or zombie tasks for this job
21/01/07 19:24:10 INFO TaskSchedulerImpl: Killing all running tasks in stage 3: Stage finished
21/01/07 19:24:10 INFO DAGScheduler: Job 1 finished: count at utils.scala:116, took 0.019733 s
21/01/07 19:24:13 WARN ProcfsMetricsGetter: Exception when trying to compute pagesize, as a result reporting of ProcessTree metrics is stopped
21/01/07 19:24:17 INFO BlockManagerInfo: Removed broadcast_0_piece0 on 127.0.0.1:64384 in memory (size: 5.0 KiB, free: 912.3 MiB)
21/01/07 19:24:17 INFO BlockManagerInfo: Removed broadcast_1_piece0 on 127.0.0.1:64384 in memory (size: 5.0 KiB, free: 912.3 MiB)
21/01/07 19:25:21 INFO HiveMetaStore: 0: get_database: default
21/01/07 19:25:21 INFO audit: ugi=fanyin	ip=unknown-ip-addr	cmd=get_database: default	
21/01/07 19:25:21 INFO HiveMetaStore: 0: get_database: default
21/01/07 19:25:21 INFO audit: ugi=fanyin	ip=unknown-ip-addr	cmd=get_database: default	
21/01/07 19:25:21 INFO HiveMetaStore: 0: get_tables: db=default pat=*
21/01/07 19:25:21 INFO audit: ugi=fanyin	ip=unknown-ip-addr	cmd=get_tables: db=default pat=*	
21/01/07 19:25:21 INFO SparkContext: Starting job: collect at utils.scala:43
21/01/07 19:25:21 INFO DAGScheduler: Job 2 finished: collect at utils.scala:43, took 0.000168 s
21/01/07 19:25:22 INFO HiveMetaStore: 0: get_database: default
21/01/07 19:25:22 INFO audit: ugi=fanyin	ip=unknown-ip-addr	cmd=get_database: default	
21/01/07 19:25:22 INFO HiveMetaStore: 0: get_database: default
21/01/07 19:25:22 INFO audit: ugi=fanyin	ip=unknown-ip-addr	cmd=get_database: default	
21/01/07 19:25:22 INFO HiveMetaStore: 0: get_tables: db=default pat=*
21/01/07 19:25:22 INFO audit: ugi=fanyin	ip=unknown-ip-addr	cmd=get_tables: db=default pat=*	
21/01/07 19:25:22 INFO CodeGenerator: Code generated in 12.2793 ms
21/01/07 19:25:22 INFO CodeGenerator: Code generated in 16.2081 ms
21/01/07 19:25:22 INFO CodeGenerator: Code generated in 7.8635 ms
21/01/07 19:25:22 INFO SparkContext: Starting job: count at utils.scala:116
21/01/07 19:25:22 INFO DAGScheduler: Registering RDD 21 (count at utils.scala:116) as input to shuffle 2
21/01/07 19:25:22 INFO DAGScheduler: Got job 3 (count at utils.scala:116) with 1 output partitions
21/01/07 19:25:22 INFO DAGScheduler: Final stage: ResultStage 5 (count at utils.scala:116)
21/01/07 19:25:22 INFO DAGScheduler: Parents of final stage: List(ShuffleMapStage 4)
21/01/07 19:25:22 INFO DAGScheduler: Missing parents: List(ShuffleMapStage 4)
21/01/07 19:25:22 INFO DAGScheduler: Submitting ShuffleMapStage 4 (MapPartitionsRDD[21] at count at utils.scala:116), which has no missing parents
21/01/07 19:25:22 INFO MemoryStore: Block broadcast_2 stored as values in memory (estimated size 10.1 KiB, free 912.3 MiB)
21/01/07 19:25:22 INFO MemoryStore: Block broadcast_2_piece0 stored as bytes in memory (estimated size 5.3 KiB, free 912.3 MiB)
21/01/07 19:25:22 INFO BlockManagerInfo: Added broadcast_2_piece0 in memory on 127.0.0.1:64384 (size: 5.3 KiB, free: 912.3 MiB)
21/01/07 19:25:22 INFO SparkContext: Created broadcast 2 from broadcast at DAGScheduler.scala:1223
21/01/07 19:25:22 INFO DAGScheduler: Submitting 1 missing tasks from ShuffleMapStage 4 (MapPartitionsRDD[21] at count at utils.scala:116) (first 15 tasks are for partitions Vector(0))
21/01/07 19:25:22 INFO TaskSchedulerImpl: Adding task set 4.0 with 1 tasks
21/01/07 19:25:22 INFO TaskSetManager: Starting task 0.0 in stage 4.0 (TID 2, 127.0.0.1, executor driver, partition 0, PROCESS_LOCAL, 7498 bytes)
21/01/07 19:25:22 INFO Executor: Running task 0.0 in stage 4.0 (TID 2)
21/01/07 19:25:22 INFO Executor: Finished task 0.0 in stage 4.0 (TID 2). 1790 bytes result sent to driver
21/01/07 19:25:22 INFO TaskSetManager: Finished task 0.0 in stage 4.0 (TID 2) in 78 ms on 127.0.0.1 (executor driver) (1/1)
21/01/07 19:25:22 INFO TaskSchedulerImpl: Removed TaskSet 4.0, whose tasks have all completed, from pool 
21/01/07 19:25:22 INFO DAGScheduler: ShuffleMapStage 4 (count at utils.scala:116) finished in 0.102 s
21/01/07 19:25:22 INFO DAGScheduler: looking for newly runnable stages
21/01/07 19:25:22 INFO DAGScheduler: running: Set()
21/01/07 19:25:22 INFO DAGScheduler: waiting: Set(ResultStage 5)
21/01/07 19:25:22 INFO DAGScheduler: failed: Set()
21/01/07 19:25:22 INFO DAGScheduler: Submitting ResultStage 5 (MapPartitionsRDD[24] at count at utils.scala:116), which has no missing parents
21/01/07 19:25:22 INFO MemoryStore: Block broadcast_3 stored as values in memory (estimated size 10.1 KiB, free 912.3 MiB)
21/01/07 19:25:22 INFO MemoryStore: Block broadcast_3_piece0 stored as bytes in memory (estimated size 5.0 KiB, free 912.3 MiB)
21/01/07 19:25:22 INFO BlockManagerInfo: Added broadcast_3_piece0 in memory on 127.0.0.1:64384 (size: 5.0 KiB, free: 912.3 MiB)
21/01/07 19:25:22 INFO SparkContext: Created broadcast 3 from broadcast at DAGScheduler.scala:1223
21/01/07 19:25:22 INFO DAGScheduler: Submitting 1 missing tasks from ResultStage 5 (MapPartitionsRDD[24] at count at utils.scala:116) (first 15 tasks are for partitions Vector(0))
21/01/07 19:25:22 INFO TaskSchedulerImpl: Adding task set 5.0 with 1 tasks
21/01/07 19:25:22 INFO TaskSetManager: Starting task 0.0 in stage 5.0 (TID 3, 127.0.0.1, executor driver, partition 0, NODE_LOCAL, 7325 bytes)
21/01/07 19:25:22 INFO Executor: Running task 0.0 in stage 5.0 (TID 3)
21/01/07 19:25:22 INFO ShuffleBlockFetcherIterator: Getting 1 (60.0 B) non-empty blocks including 1 (60.0 B) local and 0 (0.0 B) host-local and 0 (0.0 B) remote blocks
21/01/07 19:25:22 INFO ShuffleBlockFetcherIterator: Started 0 remote fetches in 3 ms
21/01/07 19:25:22 INFO Executor: Finished task 0.0 in stage 5.0 (TID 3). 2605 bytes result sent to driver
21/01/07 19:25:22 INFO TaskSetManager: Finished task 0.0 in stage 5.0 (TID 3) in 28 ms on 127.0.0.1 (executor driver) (1/1)
21/01/07 19:25:22 INFO TaskSchedulerImpl: Removed TaskSet 5.0, whose tasks have all completed, from pool 
21/01/07 19:25:22 INFO DAGScheduler: ResultStage 5 (count at utils.scala:116) finished in 0.036 s
21/01/07 19:25:22 INFO DAGScheduler: Job 3 is finished. Cancelling potential speculative or zombie tasks for this job
21/01/07 19:25:22 INFO TaskSchedulerImpl: Killing all running tasks in stage 5: Stage finished
21/01/07 19:25:22 INFO DAGScheduler: Job 3 finished: count at utils.scala:116, took 0.166133 s
21/01/07 19:27:32 INFO HiveMetaStore: 0: get_database: default
21/01/07 19:27:32 INFO audit: ugi=fanyin	ip=unknown-ip-addr	cmd=get_database: default	
21/01/07 19:27:32 INFO HiveMetaStore: 0: get_database: default
21/01/07 19:27:32 INFO audit: ugi=fanyin	ip=unknown-ip-addr	cmd=get_database: default	
21/01/07 19:27:32 INFO HiveMetaStore: 0: get_tables: db=default pat=*
21/01/07 19:27:32 INFO audit: ugi=fanyin	ip=unknown-ip-addr	cmd=get_tables: db=default pat=*	
21/01/07 19:27:32 INFO CodeGenerator: Code generated in 7.2908 ms
21/01/07 19:27:32 INFO SparkContext: Starting job: collect at utils.scala:43
21/01/07 19:27:32 INFO DAGScheduler: Got job 4 (collect at utils.scala:43) with 1 output partitions
21/01/07 19:27:32 INFO DAGScheduler: Final stage: ResultStage 6 (collect at utils.scala:43)
21/01/07 19:27:32 INFO DAGScheduler: Parents of final stage: List()
21/01/07 19:27:32 INFO DAGScheduler: Missing parents: List()
21/01/07 19:27:32 INFO DAGScheduler: Submitting ResultStage 6 (MapPartitionsRDD[30] at map at utils.scala:43), which has no missing parents
21/01/07 19:27:32 INFO MemoryStore: Block broadcast_4 stored as values in memory (estimated size 8.7 KiB, free 912.3 MiB)
21/01/07 19:27:32 INFO MemoryStore: Block broadcast_4_piece0 stored as bytes in memory (estimated size 4.6 KiB, free 912.3 MiB)
21/01/07 19:27:32 INFO BlockManagerInfo: Added broadcast_4_piece0 in memory on 127.0.0.1:64384 (size: 4.6 KiB, free: 912.3 MiB)
21/01/07 19:27:32 INFO SparkContext: Created broadcast 4 from broadcast at DAGScheduler.scala:1223
21/01/07 19:27:32 INFO DAGScheduler: Submitting 1 missing tasks from ResultStage 6 (MapPartitionsRDD[30] at map at utils.scala:43) (first 15 tasks are for partitions Vector(0))
21/01/07 19:27:32 INFO TaskSchedulerImpl: Adding task set 6.0 with 1 tasks
21/01/07 19:27:32 INFO TaskSetManager: Starting task 0.0 in stage 6.0 (TID 4, 127.0.0.1, executor driver, partition 0, PROCESS_LOCAL, 7533 bytes)
21/01/07 19:27:32 INFO Executor: Running task 0.0 in stage 6.0 (TID 4)
21/01/07 19:27:32 INFO CodeGenerator: Code generated in 9.766 ms
21/01/07 19:27:32 INFO Executor: Finished task 0.0 in stage 6.0 (TID 4). 1108 bytes result sent to driver
21/01/07 19:27:32 INFO TaskSetManager: Finished task 0.0 in stage 6.0 (TID 4) in 76 ms on 127.0.0.1 (executor driver) (1/1)
21/01/07 19:27:32 INFO TaskSchedulerImpl: Removed TaskSet 6.0, whose tasks have all completed, from pool 
21/01/07 19:27:32 INFO DAGScheduler: ResultStage 6 (collect at utils.scala:43) finished in 0.083 s
21/01/07 19:27:32 INFO DAGScheduler: Job 4 is finished. Cancelling potential speculative or zombie tasks for this job
21/01/07 19:27:32 INFO TaskSchedulerImpl: Killing all running tasks in stage 6: Stage finished
21/01/07 19:27:32 INFO DAGScheduler: Job 4 finished: collect at utils.scala:43, took 0.086596 s
21/01/07 19:27:32 INFO HiveMetaStore: 0: get_database: default
21/01/07 19:27:32 INFO audit: ugi=fanyin	ip=unknown-ip-addr	cmd=get_database: default	
21/01/07 19:27:32 INFO HiveMetaStore: 0: get_database: default
21/01/07 19:27:32 INFO audit: ugi=fanyin	ip=unknown-ip-addr	cmd=get_database: default	
21/01/07 19:27:32 INFO HiveMetaStore: 0: get_tables: db=default pat=*
21/01/07 19:27:32 INFO audit: ugi=fanyin	ip=unknown-ip-addr	cmd=get_tables: db=default pat=*	
21/01/07 19:27:32 INFO SparkContext: Starting job: collect at utils.scala:43
21/01/07 19:27:32 INFO DAGScheduler: Got job 5 (collect at utils.scala:43) with 2 output partitions
21/01/07 19:27:32 INFO DAGScheduler: Final stage: ResultStage 7 (collect at utils.scala:43)
21/01/07 19:27:32 INFO DAGScheduler: Parents of final stage: List()
21/01/07 19:27:32 INFO DAGScheduler: Missing parents: List()
21/01/07 19:27:32 INFO DAGScheduler: Submitting ResultStage 7 (MapPartitionsRDD[37] at map at utils.scala:43), which has no missing parents
21/01/07 19:27:32 INFO MemoryStore: Block broadcast_5 stored as values in memory (estimated size 8.7 KiB, free 912.2 MiB)
21/01/07 19:27:32 INFO MemoryStore: Block broadcast_5_piece0 stored as bytes in memory (estimated size 4.6 KiB, free 912.2 MiB)
21/01/07 19:27:32 INFO BlockManagerInfo: Added broadcast_5_piece0 in memory on 127.0.0.1:64384 (size: 4.6 KiB, free: 912.3 MiB)
21/01/07 19:27:32 INFO SparkContext: Created broadcast 5 from broadcast at DAGScheduler.scala:1223
21/01/07 19:27:32 INFO DAGScheduler: Submitting 2 missing tasks from ResultStage 7 (MapPartitionsRDD[37] at map at utils.scala:43) (first 15 tasks are for partitions Vector(0, 1))
21/01/07 19:27:32 INFO TaskSchedulerImpl: Adding task set 7.0 with 2 tasks
21/01/07 19:27:32 INFO TaskSetManager: Starting task 0.0 in stage 7.0 (TID 5, 127.0.0.1, executor driver, partition 0, PROCESS_LOCAL, 7533 bytes)
21/01/07 19:27:32 INFO TaskSetManager: Starting task 1.0 in stage 7.0 (TID 6, 127.0.0.1, executor driver, partition 1, PROCESS_LOCAL, 7581 bytes)
21/01/07 19:27:32 INFO Executor: Running task 0.0 in stage 7.0 (TID 5)
21/01/07 19:27:32 INFO Executor: Running task 1.0 in stage 7.0 (TID 6)
21/01/07 19:27:32 INFO Executor: Finished task 1.0 in stage 7.0 (TID 6). 1076 bytes result sent to driver
21/01/07 19:27:32 INFO Executor: Finished task 0.0 in stage 7.0 (TID 5). 1022 bytes result sent to driver
21/01/07 19:27:32 INFO TaskSetManager: Finished task 1.0 in stage 7.0 (TID 6) in 8 ms on 127.0.0.1 (executor driver) (1/2)
21/01/07 19:27:32 INFO TaskSetManager: Finished task 0.0 in stage 7.0 (TID 5) in 8 ms on 127.0.0.1 (executor driver) (2/2)
21/01/07 19:27:32 INFO TaskSchedulerImpl: Removed TaskSet 7.0, whose tasks have all completed, from pool 
21/01/07 19:27:32 INFO DAGScheduler: ResultStage 7 (collect at utils.scala:43) finished in 0.016 s
21/01/07 19:27:32 INFO DAGScheduler: Job 5 is finished. Cancelling potential speculative or zombie tasks for this job
21/01/07 19:27:32 INFO TaskSchedulerImpl: Killing all running tasks in stage 7: Stage finished
21/01/07 19:27:32 INFO DAGScheduler: Job 5 finished: collect at utils.scala:43, took 0.018731 s
21/01/07 19:27:32 INFO BlockManagerInfo: Removed broadcast_2_piece0 on 127.0.0.1:64384 in memory (size: 5.3 KiB, free: 912.3 MiB)
21/01/07 19:27:32 INFO BlockManagerInfo: Removed broadcast_3_piece0 on 127.0.0.1:64384 in memory (size: 5.0 KiB, free: 912.3 MiB)
21/01/07 19:27:32 INFO BlockManagerInfo: Removed broadcast_5_piece0 on 127.0.0.1:64384 in memory (size: 4.6 KiB, free: 912.3 MiB)
21/01/07 19:27:32 INFO BlockManagerInfo: Removed broadcast_4_piece0 on 127.0.0.1:64384 in memory (size: 4.6 KiB, free: 912.3 MiB)
21/01/07 19:27:33 INFO HiveMetaStore: 0: get_database: default
21/01/07 19:27:33 INFO audit: ugi=fanyin	ip=unknown-ip-addr	cmd=get_database: default	
21/01/07 19:27:33 INFO HiveMetaStore: 0: get_database: default
21/01/07 19:27:33 INFO audit: ugi=fanyin	ip=unknown-ip-addr	cmd=get_database: default	
21/01/07 19:27:33 INFO HiveMetaStore: 0: get_tables: db=default pat=*
21/01/07 19:27:33 INFO audit: ugi=fanyin	ip=unknown-ip-addr	cmd=get_tables: db=default pat=*	
21/01/07 19:27:33 INFO SparkContext: Starting job: count at utils.scala:116
21/01/07 19:27:33 INFO DAGScheduler: Registering RDD 41 (count at utils.scala:116) as input to shuffle 3
21/01/07 19:27:33 INFO DAGScheduler: Got job 6 (count at utils.scala:116) with 1 output partitions
21/01/07 19:27:33 INFO DAGScheduler: Final stage: ResultStage 9 (count at utils.scala:116)
21/01/07 19:27:33 INFO DAGScheduler: Parents of final stage: List(ShuffleMapStage 8)
21/01/07 19:27:33 INFO DAGScheduler: Missing parents: List(ShuffleMapStage 8)
21/01/07 19:27:33 INFO DAGScheduler: Submitting ShuffleMapStage 8 (MapPartitionsRDD[41] at count at utils.scala:116), which has no missing parents
21/01/07 19:27:33 INFO MemoryStore: Block broadcast_6 stored as values in memory (estimated size 10.1 KiB, free 912.3 MiB)
21/01/07 19:27:33 INFO MemoryStore: Block broadcast_6_piece0 stored as bytes in memory (estimated size 5.3 KiB, free 912.3 MiB)
21/01/07 19:27:33 INFO BlockManagerInfo: Added broadcast_6_piece0 in memory on 127.0.0.1:64384 (size: 5.3 KiB, free: 912.3 MiB)
21/01/07 19:27:33 INFO SparkContext: Created broadcast 6 from broadcast at DAGScheduler.scala:1223
21/01/07 19:27:33 INFO DAGScheduler: Submitting 4 missing tasks from ShuffleMapStage 8 (MapPartitionsRDD[41] at count at utils.scala:116) (first 15 tasks are for partitions Vector(0, 1, 2, 3))
21/01/07 19:27:33 INFO TaskSchedulerImpl: Adding task set 8.0 with 4 tasks
21/01/07 19:27:33 INFO TaskSetManager: Starting task 0.0 in stage 8.0 (TID 7, 127.0.0.1, executor driver, partition 0, PROCESS_LOCAL, 7498 bytes)
21/01/07 19:27:33 INFO TaskSetManager: Starting task 1.0 in stage 8.0 (TID 8, 127.0.0.1, executor driver, partition 1, PROCESS_LOCAL, 7498 bytes)
21/01/07 19:27:33 INFO TaskSetManager: Starting task 2.0 in stage 8.0 (TID 9, 127.0.0.1, executor driver, partition 2, PROCESS_LOCAL, 7498 bytes)
21/01/07 19:27:33 INFO TaskSetManager: Starting task 3.0 in stage 8.0 (TID 10, 127.0.0.1, executor driver, partition 3, PROCESS_LOCAL, 7498 bytes)
21/01/07 19:27:33 INFO Executor: Running task 1.0 in stage 8.0 (TID 8)
21/01/07 19:27:33 INFO Executor: Running task 0.0 in stage 8.0 (TID 7)
21/01/07 19:27:33 INFO Executor: Running task 2.0 in stage 8.0 (TID 9)
21/01/07 19:27:33 INFO Executor: Running task 3.0 in stage 8.0 (TID 10)
21/01/07 19:27:33 INFO Executor: Finished task 3.0 in stage 8.0 (TID 10). 1747 bytes result sent to driver
21/01/07 19:27:33 INFO TaskSetManager: Finished task 3.0 in stage 8.0 (TID 10) in 15 ms on 127.0.0.1 (executor driver) (1/4)
21/01/07 19:27:33 INFO Executor: Finished task 2.0 in stage 8.0 (TID 9). 1747 bytes result sent to driver
21/01/07 19:27:33 INFO TaskSetManager: Finished task 2.0 in stage 8.0 (TID 9) in 18 ms on 127.0.0.1 (executor driver) (2/4)
21/01/07 19:27:33 INFO Executor: Finished task 0.0 in stage 8.0 (TID 7). 1833 bytes result sent to driver
21/01/07 19:27:33 INFO TaskSetManager: Finished task 0.0 in stage 8.0 (TID 7) in 21 ms on 127.0.0.1 (executor driver) (3/4)
21/01/07 19:27:33 INFO Executor: Finished task 1.0 in stage 8.0 (TID 8). 1790 bytes result sent to driver
21/01/07 19:27:33 INFO TaskSetManager: Finished task 1.0 in stage 8.0 (TID 8) in 24 ms on 127.0.0.1 (executor driver) (4/4)
21/01/07 19:27:33 INFO TaskSchedulerImpl: Removed TaskSet 8.0, whose tasks have all completed, from pool 
21/01/07 19:27:33 INFO DAGScheduler: ShuffleMapStage 8 (count at utils.scala:116) finished in 0.034 s
21/01/07 19:27:33 INFO DAGScheduler: looking for newly runnable stages
21/01/07 19:27:33 INFO DAGScheduler: running: Set()
21/01/07 19:27:33 INFO DAGScheduler: waiting: Set(ResultStage 9)
21/01/07 19:27:33 INFO DAGScheduler: failed: Set()
21/01/07 19:27:33 INFO DAGScheduler: Submitting ResultStage 9 (MapPartitionsRDD[44] at count at utils.scala:116), which has no missing parents
21/01/07 19:27:33 INFO MemoryStore: Block broadcast_7 stored as values in memory (estimated size 10.1 KiB, free 912.3 MiB)
21/01/07 19:27:33 INFO MemoryStore: Block broadcast_7_piece0 stored as bytes in memory (estimated size 5.0 KiB, free 912.3 MiB)
21/01/07 19:27:33 INFO BlockManagerInfo: Added broadcast_7_piece0 in memory on 127.0.0.1:64384 (size: 5.0 KiB, free: 912.3 MiB)
21/01/07 19:27:33 INFO SparkContext: Created broadcast 7 from broadcast at DAGScheduler.scala:1223
21/01/07 19:27:33 INFO DAGScheduler: Submitting 1 missing tasks from ResultStage 9 (MapPartitionsRDD[44] at count at utils.scala:116) (first 15 tasks are for partitions Vector(0))
21/01/07 19:27:33 INFO TaskSchedulerImpl: Adding task set 9.0 with 1 tasks
21/01/07 19:27:33 INFO TaskSetManager: Starting task 0.0 in stage 9.0 (TID 11, 127.0.0.1, executor driver, partition 0, NODE_LOCAL, 7325 bytes)
21/01/07 19:27:33 INFO Executor: Running task 0.0 in stage 9.0 (TID 11)
21/01/07 19:27:33 INFO ShuffleBlockFetcherIterator: Getting 4 (240.0 B) non-empty blocks including 4 (240.0 B) local and 0 (0.0 B) host-local and 0 (0.0 B) remote blocks
21/01/07 19:27:33 INFO ShuffleBlockFetcherIterator: Started 0 remote fetches in 0 ms
21/01/07 19:27:33 INFO Executor: Finished task 0.0 in stage 9.0 (TID 11). 2605 bytes result sent to driver
21/01/07 19:27:33 INFO TaskSetManager: Finished task 0.0 in stage 9.0 (TID 11) in 14 ms on 127.0.0.1 (executor driver) (1/1)
21/01/07 19:27:33 INFO TaskSchedulerImpl: Removed TaskSet 9.0, whose tasks have all completed, from pool 
21/01/07 19:27:33 INFO DAGScheduler: ResultStage 9 (count at utils.scala:116) finished in 0.020 s
21/01/07 19:27:33 INFO DAGScheduler: Job 6 is finished. Cancelling potential speculative or zombie tasks for this job
21/01/07 19:27:33 INFO TaskSchedulerImpl: Killing all running tasks in stage 9: Stage finished
21/01/07 19:27:33 INFO DAGScheduler: Job 6 finished: count at utils.scala:116, took 0.061311 s
21/01/07 19:27:33 INFO HiveMetaStore: 0: get_database: default
21/01/07 19:27:33 INFO audit: ugi=fanyin	ip=unknown-ip-addr	cmd=get_database: default	
21/01/07 19:27:33 INFO HiveMetaStore: 0: get_database: default
21/01/07 19:27:33 INFO audit: ugi=fanyin	ip=unknown-ip-addr	cmd=get_database: default	
21/01/07 19:27:33 INFO HiveMetaStore: 0: get_tables: db=default pat=*
21/01/07 19:27:33 INFO audit: ugi=fanyin	ip=unknown-ip-addr	cmd=get_tables: db=default pat=*	
21/01/07 19:27:33 INFO SparkContext: Starting job: count at utils.scala:116
21/01/07 19:27:33 INFO DAGScheduler: Registering RDD 47 (count at utils.scala:116) as input to shuffle 4
21/01/07 19:27:33 INFO DAGScheduler: Got job 7 (count at utils.scala:116) with 1 output partitions
21/01/07 19:27:33 INFO DAGScheduler: Final stage: ResultStage 11 (count at utils.scala:116)
21/01/07 19:27:33 INFO DAGScheduler: Parents of final stage: List(ShuffleMapStage 10)
21/01/07 19:27:33 INFO DAGScheduler: Missing parents: List(ShuffleMapStage 10)
21/01/07 19:27:33 INFO DAGScheduler: Submitting ShuffleMapStage 10 (MapPartitionsRDD[47] at count at utils.scala:116), which has no missing parents
21/01/07 19:27:33 INFO MemoryStore: Block broadcast_8 stored as values in memory (estimated size 10.1 KiB, free 912.3 MiB)
21/01/07 19:27:33 INFO MemoryStore: Block broadcast_8_piece0 stored as bytes in memory (estimated size 5.3 KiB, free 912.3 MiB)
21/01/07 19:27:33 INFO BlockManagerInfo: Added broadcast_8_piece0 in memory on 127.0.0.1:64384 (size: 5.3 KiB, free: 912.3 MiB)
21/01/07 19:27:33 INFO SparkContext: Created broadcast 8 from broadcast at DAGScheduler.scala:1223
21/01/07 19:27:33 INFO DAGScheduler: Submitting 4 missing tasks from ShuffleMapStage 10 (MapPartitionsRDD[47] at count at utils.scala:116) (first 15 tasks are for partitions Vector(0, 1, 2, 3))
21/01/07 19:27:33 INFO TaskSchedulerImpl: Adding task set 10.0 with 4 tasks
21/01/07 19:27:33 INFO TaskSetManager: Starting task 0.0 in stage 10.0 (TID 12, 127.0.0.1, executor driver, partition 0, PROCESS_LOCAL, 7498 bytes)
21/01/07 19:27:33 INFO TaskSetManager: Starting task 1.0 in stage 10.0 (TID 13, 127.0.0.1, executor driver, partition 1, PROCESS_LOCAL, 7498 bytes)
21/01/07 19:27:33 INFO TaskSetManager: Starting task 2.0 in stage 10.0 (TID 14, 127.0.0.1, executor driver, partition 2, PROCESS_LOCAL, 7498 bytes)
21/01/07 19:27:33 INFO TaskSetManager: Starting task 3.0 in stage 10.0 (TID 15, 127.0.0.1, executor driver, partition 3, PROCESS_LOCAL, 7498 bytes)
21/01/07 19:27:33 INFO Executor: Running task 2.0 in stage 10.0 (TID 14)
21/01/07 19:27:33 INFO Executor: Running task 0.0 in stage 10.0 (TID 12)
21/01/07 19:27:33 INFO Executor: Running task 1.0 in stage 10.0 (TID 13)
21/01/07 19:27:33 INFO Executor: Running task 3.0 in stage 10.0 (TID 15)
21/01/07 19:27:33 INFO Executor: Finished task 1.0 in stage 10.0 (TID 13). 1747 bytes result sent to driver
21/01/07 19:27:33 INFO Executor: Finished task 0.0 in stage 10.0 (TID 12). 1790 bytes result sent to driver
21/01/07 19:27:33 INFO TaskSetManager: Finished task 0.0 in stage 10.0 (TID 12) in 15 ms on 127.0.0.1 (executor driver) (1/4)
21/01/07 19:27:33 INFO TaskSetManager: Finished task 1.0 in stage 10.0 (TID 13) in 16 ms on 127.0.0.1 (executor driver) (2/4)
21/01/07 19:27:33 INFO Executor: Finished task 2.0 in stage 10.0 (TID 14). 1747 bytes result sent to driver
21/01/07 19:27:33 INFO TaskSetManager: Finished task 2.0 in stage 10.0 (TID 14) in 19 ms on 127.0.0.1 (executor driver) (3/4)
21/01/07 19:27:33 INFO Executor: Finished task 3.0 in stage 10.0 (TID 15). 1747 bytes result sent to driver
21/01/07 19:27:33 INFO TaskSetManager: Finished task 3.0 in stage 10.0 (TID 15) in 25 ms on 127.0.0.1 (executor driver) (4/4)
21/01/07 19:27:33 INFO TaskSchedulerImpl: Removed TaskSet 10.0, whose tasks have all completed, from pool 
21/01/07 19:27:33 INFO DAGScheduler: ShuffleMapStage 10 (count at utils.scala:116) finished in 0.032 s
21/01/07 19:27:33 INFO DAGScheduler: looking for newly runnable stages
21/01/07 19:27:33 INFO DAGScheduler: running: Set()
21/01/07 19:27:33 INFO DAGScheduler: waiting: Set(ResultStage 11)
21/01/07 19:27:33 INFO DAGScheduler: failed: Set()
21/01/07 19:27:33 INFO DAGScheduler: Submitting ResultStage 11 (MapPartitionsRDD[50] at count at utils.scala:116), which has no missing parents
21/01/07 19:27:33 INFO MemoryStore: Block broadcast_9 stored as values in memory (estimated size 10.1 KiB, free 912.2 MiB)
21/01/07 19:27:33 INFO MemoryStore: Block broadcast_9_piece0 stored as bytes in memory (estimated size 5.0 KiB, free 912.2 MiB)
21/01/07 19:27:33 INFO BlockManagerInfo: Added broadcast_9_piece0 in memory on 127.0.0.1:64384 (size: 5.0 KiB, free: 912.3 MiB)
21/01/07 19:27:33 INFO SparkContext: Created broadcast 9 from broadcast at DAGScheduler.scala:1223
21/01/07 19:27:33 INFO DAGScheduler: Submitting 1 missing tasks from ResultStage 11 (MapPartitionsRDD[50] at count at utils.scala:116) (first 15 tasks are for partitions Vector(0))
21/01/07 19:27:33 INFO TaskSchedulerImpl: Adding task set 11.0 with 1 tasks
21/01/07 19:27:33 INFO TaskSetManager: Starting task 0.0 in stage 11.0 (TID 16, 127.0.0.1, executor driver, partition 0, NODE_LOCAL, 7325 bytes)
21/01/07 19:27:33 INFO Executor: Running task 0.0 in stage 11.0 (TID 16)
21/01/07 19:27:33 INFO ShuffleBlockFetcherIterator: Getting 4 (240.0 B) non-empty blocks including 4 (240.0 B) local and 0 (0.0 B) host-local and 0 (0.0 B) remote blocks
21/01/07 19:27:33 INFO ShuffleBlockFetcherIterator: Started 0 remote fetches in 0 ms
21/01/07 19:27:33 INFO Executor: Finished task 0.0 in stage 11.0 (TID 16). 2562 bytes result sent to driver
21/01/07 19:27:33 INFO TaskSetManager: Finished task 0.0 in stage 11.0 (TID 16) in 10 ms on 127.0.0.1 (executor driver) (1/1)
21/01/07 19:27:33 INFO TaskSchedulerImpl: Removed TaskSet 11.0, whose tasks have all completed, from pool 
21/01/07 19:27:33 INFO DAGScheduler: ResultStage 11 (count at utils.scala:116) finished in 0.016 s
21/01/07 19:27:33 INFO DAGScheduler: Job 7 is finished. Cancelling potential speculative or zombie tasks for this job
21/01/07 19:27:33 INFO TaskSchedulerImpl: Killing all running tasks in stage 11: Stage finished
21/01/07 19:27:33 INFO DAGScheduler: Job 7 finished: count at utils.scala:116, took 0.053048 s
21/01/07 19:27:50 INFO CodeGenerator: Code generated in 20.1141 ms
21/01/07 19:27:50 INFO CodeGenerator: Code generated in 8.0328 ms
21/01/07 19:27:50 INFO CodeGenerator: Code generated in 10.26 ms
21/01/07 19:27:50 INFO CodeGenerator: Code generated in 6.431 ms
21/01/07 19:27:50 INFO CodeGenerator: Code generated in 10.1967 ms
21/01/07 19:27:50 INFO SparkContext: Starting job: collect at utils.scala:118
21/01/07 19:27:50 INFO DAGScheduler: Got job 8 (collect at utils.scala:118) with 1 output partitions
21/01/07 19:27:50 INFO DAGScheduler: Final stage: ResultStage 12 (collect at utils.scala:118)
21/01/07 19:27:50 INFO DAGScheduler: Parents of final stage: List()
21/01/07 19:27:50 INFO DAGScheduler: Missing parents: List()
21/01/07 19:27:50 INFO DAGScheduler: Submitting ResultStage 12 (MapPartitionsRDD[71] at collect at utils.scala:118), which has no missing parents
21/01/07 19:27:50 INFO MemoryStore: Block broadcast_10 stored as values in memory (estimated size 33.6 KiB, free 912.2 MiB)
21/01/07 19:27:50 INFO MemoryStore: Block broadcast_10_piece0 stored as bytes in memory (estimated size 10.1 KiB, free 912.2 MiB)
21/01/07 19:27:50 INFO BlockManagerInfo: Added broadcast_10_piece0 in memory on 127.0.0.1:64384 (size: 10.1 KiB, free: 912.3 MiB)
21/01/07 19:27:50 INFO SparkContext: Created broadcast 10 from broadcast at DAGScheduler.scala:1223
21/01/07 19:27:50 INFO DAGScheduler: Submitting 1 missing tasks from ResultStage 12 (MapPartitionsRDD[71] at collect at utils.scala:118) (first 15 tasks are for partitions Vector(0))
21/01/07 19:27:50 INFO TaskSchedulerImpl: Adding task set 12.0 with 1 tasks
21/01/07 19:27:50 INFO BlockManagerInfo: Removed broadcast_8_piece0 on 127.0.0.1:64384 in memory (size: 5.3 KiB, free: 912.3 MiB)
21/01/07 19:27:50 INFO BlockManagerInfo: Removed broadcast_6_piece0 on 127.0.0.1:64384 in memory (size: 5.3 KiB, free: 912.3 MiB)
21/01/07 19:27:50 INFO BlockManagerInfo: Removed broadcast_9_piece0 on 127.0.0.1:64384 in memory (size: 5.0 KiB, free: 912.3 MiB)
21/01/07 19:27:50 INFO BlockManagerInfo: Removed broadcast_7_piece0 on 127.0.0.1:64384 in memory (size: 5.0 KiB, free: 912.3 MiB)
21/01/07 19:27:50 WARN TaskSetManager: Stage 12 contains a task of very large size (5866 KiB). The maximum recommended task size is 1000 KiB.
21/01/07 19:27:50 INFO TaskSetManager: Starting task 0.0 in stage 12.0 (TID 17, 127.0.0.1, executor driver, partition 0, PROCESS_LOCAL, 6007738 bytes)
21/01/07 19:27:50 INFO Executor: Running task 0.0 in stage 12.0 (TID 17)
21/01/07 19:27:51 INFO MemoryStore: Block rdd_58_0 stored as values in memory (estimated size 783.4 KiB, free 911.5 MiB)
21/01/07 19:27:51 INFO BlockManagerInfo: Added rdd_58_0 in memory on 127.0.0.1:64384 (size: 783.4 KiB, free: 911.5 MiB)
21/01/07 19:27:51 INFO CodeGenerator: Code generated in 5.2169 ms
21/01/07 19:27:51 INFO ExternalAppendOnlyUnsafeRowArray: Reached spill threshold of 4096 rows, switching to org.apache.spark.util.collection.unsafe.sort.UnsafeExternalSorter
21/01/07 19:27:51 INFO MemoryStore: Block rdd_52_0 stored as values in memory (estimated size 783.4 KiB, free 902.7 MiB)
21/01/07 19:27:51 INFO BlockManagerInfo: Added rdd_52_0 in memory on 127.0.0.1:64384 (size: 783.4 KiB, free: 910.8 MiB)
21/01/07 19:27:51 INFO CodeGenerator: Code generated in 10.716 ms
21/01/07 19:27:58 INFO MemoryStore: Will not store rdd_66_0
21/01/07 19:27:58 WARN MemoryStore: Not enough space to cache rdd_66_0 in memory! (computed 777.0 MiB so far)
21/01/07 19:27:58 INFO MemoryStore: Memory use = 1610.6 KiB (blocks) + 775.8 MiB (scratch space shared across 1 tasks(s)) = 777.4 MiB. Storage limit = 904.3 MiB.
21/01/07 19:27:58 WARN BlockManager: Persisting block rdd_66_0 to disk instead.
21/01/07 19:28:02 INFO SparkContext: Invoking stop() from shutdown hook
21/01/07 19:28:02 INFO SparkUI: Stopped Spark web UI at http://127.0.0.1:4040
21/01/07 19:28:02 INFO DAGScheduler: Job 8 failed: collect at utils.scala:118, took 11.845737 s
21/01/07 19:28:02 INFO DAGScheduler: ResultStage 12 (collect at utils.scala:118) failed in 11.833 s due to Stage cancelled because SparkContext was shut down
21/01/07 19:28:02 INFO MapOutputTrackerMasterEndpoint: MapOutputTrackerMasterEndpoint stopped!
21/01/07 19:28:02 ERROR DiskBlockManager: Exception while deleting local spark dir: C:\Users\fanyin\AppData\Local\spark\spark-3.0.1-bin-hadoop3.2\tmp\local\blockmgr-a12855bb-931b-41f2-a215-469763fbd1ff
java.io.IOException: Failed to delete: C:\Users\fanyin\AppData\Local\spark\spark-3.0.1-bin-hadoop3.2\tmp\local\blockmgr-a12855bb-931b-41f2-a215-469763fbd1ff\22\rdd_66_0
	at org.apache.spark.network.util.JavaUtils.deleteRecursivelyUsingJavaIO(JavaUtils.java:144)
	at org.apache.spark.network.util.JavaUtils.deleteRecursively(JavaUtils.java:118)
	at org.apache.spark.network.util.JavaUtils.deleteRecursivelyUsingJavaIO(JavaUtils.java:128)
	at org.apache.spark.network.util.JavaUtils.deleteRecursively(JavaUtils.java:118)
	at org.apache.spark.network.util.JavaUtils.deleteRecursivelyUsingJavaIO(JavaUtils.java:128)
	at org.apache.spark.network.util.JavaUtils.deleteRecursively(JavaUtils.java:118)
	at org.apache.spark.network.util.JavaUtils.deleteRecursively(JavaUtils.java:91)
	at org.apache.spark.util.Utils$.deleteRecursively(Utils.scala:1079)
	at org.apache.spark.storage.DiskBlockManager.$anonfun$doStop$1(DiskBlockManager.scala:181)
	at org.apache.spark.storage.DiskBlockManager.$anonfun$doStop$1$adapted(DiskBlockManager.scala:177)
	at scala.collection.IndexedSeqOptimized.foreach(IndexedSeqOptimized.scala:36)
	at scala.collection.IndexedSeqOptimized.foreach$(IndexedSeqOptimized.scala:33)
	at scala.collection.mutable.ArrayOps$ofRef.foreach(ArrayOps.scala:198)
	at org.apache.spark.storage.DiskBlockManager.doStop(DiskBlockManager.scala:177)
	at org.apache.spark.storage.DiskBlockManager.stop(DiskBlockManager.scala:172)
	at org.apache.spark.storage.BlockManager.stop(BlockManager.scala:1835)
	at org.apache.spark.SparkEnv.stop(SparkEnv.scala:92)
	at org.apache.spark.SparkContext.$anonfun$stop$23(SparkContext.scala:2012)
	at org.apache.spark.util.Utils$.tryLogNonFatalError(Utils.scala:1357)
	at org.apache.spark.SparkContext.stop(SparkContext.scala:2012)
	at org.apache.spark.SparkContext.$anonfun$new$35(SparkContext.scala:631)
	at org.apache.spark.util.SparkShutdownHook.run(ShutdownHookManager.scala:214)
	at org.apache.spark.util.SparkShutdownHookManager.$anonfun$runAll$2(ShutdownHookManager.scala:188)
	at scala.runtime.java8.JFunction0$mcV$sp.apply(JFunction0$mcV$sp.java:23)
	at org.apache.spark.util.Utils$.logUncaughtExceptions(Utils.scala:1932)
	at org.apache.spark.util.SparkShutdownHookManager.$anonfun$runAll$1(ShutdownHookManager.scala:188)
	at scala.runtime.java8.JFunction0$mcV$sp.apply(JFunction0$mcV$sp.java:23)
	at scala.util.Try$.apply(Try.scala:213)
	at org.apache.spark.util.SparkShutdownHookManager.runAll(ShutdownHookManager.scala:188)
	at org.apache.spark.util.SparkShutdownHookManager$$anon$2.run(ShutdownHookManager.scala:178)
	at java.util.concurrent.Executors$RunnableAdapter.call(Unknown Source)
	at java.util.concurrent.FutureTask.run(Unknown Source)
	at java.util.concurrent.ThreadPoolExecutor.runWorker(Unknown Source)
	at java.util.concurrent.ThreadPoolExecutor$Worker.run(Unknown Source)
	at java.lang.Thread.run(Unknown Source)
21/01/07 19:28:02 INFO MemoryStore: MemoryStore cleared
21/01/07 19:28:02 INFO BlockManager: BlockManager stopped
21/01/07 19:28:02 INFO BlockManagerMaster: BlockManagerMaster stopped
21/01/07 19:28:02 INFO OutputCommitCoordinator$OutputCommitCoordinatorEndpoint: OutputCommitCoordinator stopped!
21/01/07 19:28:02 WARN SparkEnv: Exception while deleting Spark temp dir: C:\Users\fanyin\AppData\Local\spark\spark-3.0.1-bin-hadoop3.2\tmp\local\spark-97ff509b-1ca1-445e-a051-19597570f7bb\userFiles-d78c8de5-58db-42c0-bc38-257d51cd8565
java.io.IOException: Failed to delete: C:\Users\fanyin\AppData\Local\spark\spark-3.0.1-bin-hadoop3.2\tmp\local\spark-97ff509b-1ca1-445e-a051-19597570f7bb\userFiles-d78c8de5-58db-42c0-bc38-257d51cd8565\sparklyr-3.0-2.12.jar
	at org.apache.spark.network.util.JavaUtils.deleteRecursivelyUsingJavaIO(JavaUtils.java:144)
	at org.apache.spark.network.util.JavaUtils.deleteRecursively(JavaUtils.java:118)
	at org.apache.spark.network.util.JavaUtils.deleteRecursivelyUsingJavaIO(JavaUtils.java:128)
	at org.apache.spark.network.util.JavaUtils.deleteRecursively(JavaUtils.java:118)
	at org.apache.spark.network.util.JavaUtils.deleteRecursively(JavaUtils.java:91)
	at org.apache.spark.util.Utils$.deleteRecursively(Utils.scala:1079)
	at org.apache.spark.SparkEnv.stop(SparkEnv.scala:105)
	at org.apache.spark.SparkContext.$anonfun$stop$23(SparkContext.scala:2012)
	at org.apache.spark.util.Utils$.tryLogNonFatalError(Utils.scala:1357)
	at org.apache.spark.SparkContext.stop(SparkContext.scala:2012)
	at org.apache.spark.SparkContext.$anonfun$new$35(SparkContext.scala:631)
	at org.apache.spark.util.SparkShutdownHook.run(ShutdownHookManager.scala:214)
	at org.apache.spark.util.SparkShutdownHookManager.$anonfun$runAll$2(ShutdownHookManager.scala:188)
	at scala.runtime.java8.JFunction0$mcV$sp.apply(JFunction0$mcV$sp.java:23)
	at org.apache.spark.util.Utils$.logUncaughtExceptions(Utils.scala:1932)
	at org.apache.spark.util.SparkShutdownHookManager.$anonfun$runAll$1(ShutdownHookManager.scala:188)
	at scala.runtime.java8.JFunction0$mcV$sp.apply(JFunction0$mcV$sp.java:23)
	at scala.util.Try$.apply(Try.scala:213)
	at org.apache.spark.util.SparkShutdownHookManager.runAll(ShutdownHookManager.scala:188)
	at org.apache.spark.util.SparkShutdownHookManager$$anon$2.run(ShutdownHookManager.scala:178)
	at java.util.concurrent.Executors$RunnableAdapter.call(Unknown Source)
	at java.util.concurrent.FutureTask.run(Unknown Source)
	at java.util.concurrent.ThreadPoolExecutor.runWorker(Unknown Source)
	at java.util.concurrent.ThreadPoolExecutor$Worker.run(Unknown Source)
	at java.lang.Thread.run(Unknown Source)
21/01/07 19:28:02 INFO SparkContext: Successfully stopped SparkContext
21/01/07 19:28:02 INFO ShutdownHookManager: Shutdown hook called
21/01/07 19:28:02 INFO ShutdownHookManager: Deleting directory C:\Users\fanyin\AppData\Local\spark\spark-3.0.1-bin-hadoop3.2\tmp\local\spark-97ff509b-1ca1-445e-a051-19597570f7bb
21/01/07 19:28:02 ERROR ShutdownHookManager: Exception while deleting Spark temp dir: C:\Users\fanyin\AppData\Local\spark\spark-3.0.1-bin-hadoop3.2\tmp\local\spark-97ff509b-1ca1-445e-a051-19597570f7bb
java.io.IOException: Failed to delete: C:\Users\fanyin\AppData\Local\spark\spark-3.0.1-bin-hadoop3.2\tmp\local\spark-97ff509b-1ca1-445e-a051-19597570f7bb\userFiles-d78c8de5-58db-42c0-bc38-257d51cd8565\sparklyr-3.0-2.12.jar
	at org.apache.spark.network.util.JavaUtils.deleteRecursivelyUsingJavaIO(JavaUtils.java:144)
	at org.apache.spark.network.util.JavaUtils.deleteRecursively(JavaUtils.java:118)
	at org.apache.spark.network.util.JavaUtils.deleteRecursivelyUsingJavaIO(JavaUtils.java:128)
	at org.apache.spark.network.util.JavaUtils.deleteRecursively(JavaUtils.java:118)
	at org.apache.spark.network.util.JavaUtils.deleteRecursivelyUsingJavaIO(JavaUtils.java:128)
	at org.apache.spark.network.util.JavaUtils.deleteRecursively(JavaUtils.java:118)
	at org.apache.spark.network.util.JavaUtils.deleteRecursively(JavaUtils.java:91)
	at org.apache.spark.util.Utils$.deleteRecursively(Utils.scala:1079)
	at org.apache.spark.util.ShutdownHookManager$.$anonfun$new$4(ShutdownHookManager.scala:65)
	at org.apache.spark.util.ShutdownHookManager$.$anonfun$new$4$adapted(ShutdownHookManager.scala:62)
	at scala.collection.IndexedSeqOptimized.foreach(IndexedSeqOptimized.scala:36)
	at scala.collection.IndexedSeqOptimized.foreach$(IndexedSeqOptimized.scala:33)
	at scala.collection.mutable.ArrayOps$ofRef.foreach(ArrayOps.scala:198)
	at org.apache.spark.util.ShutdownHookManager$.$anonfun$new$2(ShutdownHookManager.scala:62)
	at org.apache.spark.util.SparkShutdownHook.run(ShutdownHookManager.scala:214)
	at org.apache.spark.util.SparkShutdownHookManager.$anonfun$runAll$2(ShutdownHookManager.scala:188)
	at scala.runtime.java8.JFunction0$mcV$sp.apply(JFunction0$mcV$sp.java:23)
	at org.apache.spark.util.Utils$.logUncaughtExceptions(Utils.scala:1932)
	at org.apache.spark.util.SparkShutdownHookManager.$anonfun$runAll$1(ShutdownHookManager.scala:188)
	at scala.runtime.java8.JFunction0$mcV$sp.apply(JFunction0$mcV$sp.java:23)
	at scala.util.Try$.apply(Try.scala:213)
	at org.apache.spark.util.SparkShutdownHookManager.runAll(ShutdownHookManager.scala:188)
	at org.apache.spark.util.SparkShutdownHookManager$$anon$2.run(ShutdownHookManager.scala:178)
	at java.util.concurrent.Executors$RunnableAdapter.call(Unknown Source)
	at java.util.concurrent.FutureTask.run(Unknown Source)
	at java.util.concurrent.ThreadPoolExecutor.runWorker(Unknown Source)
	at java.util.concurrent.ThreadPoolExecutor$Worker.run(Unknown Source)
	at java.lang.Thread.run(Unknown Source)
21/01/07 19:28:02 INFO ShutdownHookManager: Deleting directory C:\Users\fanyin\AppData\Local\spark\spark-3.0.1-bin-hadoop3.2\tmp\local\spark-97ff509b-1ca1-445e-a051-19597570f7bb\userFiles-d78c8de5-58db-42c0-bc38-257d51cd8565
21/01/07 19:28:02 ERROR ShutdownHookManager: Exception while deleting Spark temp dir: C:\Users\fanyin\AppData\Local\spark\spark-3.0.1-bin-hadoop3.2\tmp\local\spark-97ff509b-1ca1-445e-a051-19597570f7bb\userFiles-d78c8de5-58db-42c0-bc38-257d51cd8565
java.io.IOException: Failed to delete: C:\Users\fanyin\AppData\Local\spark\spark-3.0.1-bin-hadoop3.2\tmp\local\spark-97ff509b-1ca1-445e-a051-19597570f7bb\userFiles-d78c8de5-58db-42c0-bc38-257d51cd8565\sparklyr-3.0-2.12.jar
	at org.apache.spark.network.util.JavaUtils.deleteRecursivelyUsingJavaIO(JavaUtils.java:144)
	at org.apache.spark.network.util.JavaUtils.deleteRecursively(JavaUtils.java:118)
	at org.apache.spark.network.util.JavaUtils.deleteRecursivelyUsingJavaIO(JavaUtils.java:128)
	at org.apache.spark.network.util.JavaUtils.deleteRecursively(JavaUtils.java:118)
	at org.apache.spark.network.util.JavaUtils.deleteRecursively(JavaUtils.java:91)
	at org.apache.spark.util.Utils$.deleteRecursively(Utils.scala:1079)
	at org.apache.spark.util.ShutdownHookManager$.$anonfun$new$4(ShutdownHookManager.scala:65)
	at org.apache.spark.util.ShutdownHookManager$.$anonfun$new$4$adapted(ShutdownHookManager.scala:62)
	at scala.collection.IndexedSeqOptimized.foreach(IndexedSeqOptimized.scala:36)
	at scala.collection.IndexedSeqOptimized.foreach$(IndexedSeqOptimized.scala:33)
	at scala.collection.mutable.ArrayOps$ofRef.foreach(ArrayOps.scala:198)
	at org.apache.spark.util.ShutdownHookManager$.$anonfun$new$2(ShutdownHookManager.scala:62)
	at org.apache.spark.util.SparkShutdownHook.run(ShutdownHookManager.scala:214)
	at org.apache.spark.util.SparkShutdownHookManager.$anonfun$runAll$2(ShutdownHookManager.scala:188)
	at scala.runtime.java8.JFunction0$mcV$sp.apply(JFunction0$mcV$sp.java:23)
	at org.apache.spark.util.Utils$.logUncaughtExceptions(Utils.scala:1932)
	at org.apache.spark.util.SparkShutdownHookManager.$anonfun$runAll$1(ShutdownHookManager.scala:188)
	at scala.runtime.java8.JFunction0$mcV$sp.apply(JFunction0$mcV$sp.java:23)
	at scala.util.Try$.apply(Try.scala:213)
	at org.apache.spark.util.SparkShutdownHookManager.runAll(ShutdownHookManager.scala:188)
	at org.apache.spark.util.SparkShutdownHookManager$$anon$2.run(ShutdownHookManager.scala:178)
	at java.util.concurrent.Executors$RunnableAdapter.call(Unknown Source)
	at java.util.concurrent.FutureTask.run(Unknown Source)
	at java.util.concurrent.ThreadPoolExecutor.runWorker(Unknown Source)
	at java.util.concurrent.ThreadPoolExecutor$Worker.run(Unknown Source)
	at java.lang.Thread.run(Unknown Source)
21/01/07 19:28:02 INFO ShutdownHookManager: Deleting directory C:\Users\fanyin\AppData\Local\Temp\spark-79d3a4a7-10e6-4d61-9aa1-a8cde414f112
21/01/07 19:30:25 WARN NativeCodeLoader: Unable to load native-hadoop library for your platform... using builtin-java classes where applicable
21/01/07 19:30:25 INFO SecurityManager: Changing view acls to: fanyin
21/01/07 19:30:25 INFO SecurityManager: Changing modify acls to: fanyin
21/01/07 19:30:25 INFO SecurityManager: Changing view acls groups to: 
21/01/07 19:30:25 INFO SecurityManager: Changing modify acls groups to: 
21/01/07 19:30:25 INFO SecurityManager: SecurityManager: authentication disabled; ui acls disabled; users  with view permissions: Set(fanyin); groups with view permissions: Set(); users  with modify permissions: Set(fanyin); groups with modify permissions: Set()
21/01/07 19:30:26 INFO HiveConf: Found configuration file file:/C:/Users/fanyin/AppData/Local/spark/spark-3.0.1-bin-hadoop3.2/conf/hive-site.xml
21/01/07 19:30:27 INFO SparkContext: Running Spark version 3.0.1
21/01/07 19:30:27 WARN SparkConf: Note that spark.local.dir will be overridden by the value set by the cluster manager (via SPARK_LOCAL_DIRS in mesos/standalone/kubernetes and LOCAL_DIRS in YARN).
21/01/07 19:30:27 INFO ResourceUtils: ==============================================================
21/01/07 19:30:27 INFO ResourceUtils: Resources for spark.driver:

21/01/07 19:30:27 INFO ResourceUtils: ==============================================================
21/01/07 19:30:27 INFO SparkContext: Submitted application: sparklyr
21/01/07 19:30:27 INFO SecurityManager: Changing view acls to: fanyin
21/01/07 19:30:27 INFO SecurityManager: Changing modify acls to: fanyin
21/01/07 19:30:27 INFO SecurityManager: Changing view acls groups to: 
21/01/07 19:30:27 INFO SecurityManager: Changing modify acls groups to: 
21/01/07 19:30:27 INFO SecurityManager: SecurityManager: authentication disabled; ui acls disabled; users  with view permissions: Set(fanyin); groups with view permissions: Set(); users  with modify permissions: Set(fanyin); groups with modify permissions: Set()
21/01/07 19:30:27 INFO Utils: Successfully started service 'sparkDriver' on port 63136.
21/01/07 19:30:27 INFO SparkEnv: Registering MapOutputTracker
21/01/07 19:30:27 INFO SparkEnv: Registering BlockManagerMaster
21/01/07 19:30:27 INFO BlockManagerMasterEndpoint: Using org.apache.spark.storage.DefaultTopologyMapper for getting topology information
21/01/07 19:30:27 INFO BlockManagerMasterEndpoint: BlockManagerMasterEndpoint up
21/01/07 19:30:27 INFO SparkEnv: Registering BlockManagerMasterHeartbeat
21/01/07 19:30:27 INFO DiskBlockManager: Created local directory at C:\Users\fanyin\AppData\Local\spark\spark-3.0.1-bin-hadoop3.2\tmp\local\blockmgr-e0bf084e-fcad-499f-bd99-30a6cb7bab1d
21/01/07 19:30:27 INFO MemoryStore: MemoryStore started with capacity 912.3 MiB
21/01/07 19:30:27 INFO SparkEnv: Registering OutputCommitCoordinator
21/01/07 19:30:27 WARN Utils: The configured local directories are not expected to be URIs; however, got suspicious values [C:/Users/fanyin/AppData/Local/spark/spark-3.0.1-bin-hadoop3.2/tmp/local]. Please check your configured local directories.
21/01/07 19:30:27 INFO Utils: Successfully started service 'SparkUI' on port 4040.
21/01/07 19:30:27 INFO SparkUI: Bound SparkUI to 127.0.0.1, and started at http://127.0.0.1:4040
21/01/07 19:30:27 INFO SparkContext: Added JAR file:/C:/Users/fanyin/Documents/R/win-library/4.0/sparklyr/java/sparklyr-3.0-2.12.jar at spark://127.0.0.1:63136/jars/sparklyr-3.0-2.12.jar with timestamp 1610076627987
21/01/07 19:30:28 INFO Executor: Starting executor ID driver on host 127.0.0.1
21/01/07 19:30:28 INFO Utils: Successfully started service 'org.apache.spark.network.netty.NettyBlockTransferService' on port 63179.
21/01/07 19:30:28 INFO NettyBlockTransferService: Server created on 127.0.0.1:63179
21/01/07 19:30:28 INFO BlockManager: Using org.apache.spark.storage.RandomBlockReplicationPolicy for block replication policy
21/01/07 19:30:28 INFO BlockManagerMaster: Registering BlockManager BlockManagerId(driver, 127.0.0.1, 63179, None)
21/01/07 19:30:28 INFO BlockManagerMasterEndpoint: Registering block manager 127.0.0.1:63179 with 912.3 MiB RAM, BlockManagerId(driver, 127.0.0.1, 63179, None)
21/01/07 19:30:28 INFO BlockManagerMaster: Registered BlockManager BlockManagerId(driver, 127.0.0.1, 63179, None)
21/01/07 19:30:28 INFO BlockManager: Initialized BlockManager: BlockManagerId(driver, 127.0.0.1, 63179, None)
21/01/07 19:30:28 INFO SharedState: loading hive config file: file:/C:/Users/fanyin/AppData/Local/spark/spark-3.0.1-bin-hadoop3.2/conf/hive-site.xml
21/01/07 19:30:28 INFO SharedState: Setting hive.metastore.warehouse.dir ('C:/Users/fanyin/AppData/Local/spark/spark-3.0.1-bin-hadoop3.2/tmp/hive') to the value of spark.sql.warehouse.dir ('C:/Users/fanyin/AppData/Local/spark/spark-3.0.1-bin-hadoop3.2/tmp/hive').
21/01/07 19:30:28 INFO SharedState: Warehouse path is 'C:/Users/fanyin/AppData/Local/spark/spark-3.0.1-bin-hadoop3.2/tmp/hive'.
21/01/07 19:30:28 WARN SharedState: Not allowing to set spark.sql.warehouse.dir or hive.metastore.warehouse.dir in SparkSession's options, it should be set statically for cross-session usages
21/01/07 19:30:31 INFO HiveUtils: Initializing HiveMetastoreConnection version 2.3.7 using Spark classes.
21/01/07 19:30:31 INFO HiveConf: Found configuration file file:/C:/Users/fanyin/AppData/Local/spark/spark-3.0.1-bin-hadoop3.2/conf/hive-site.xml
21/01/07 19:30:32 INFO SessionState: Created HDFS directory: C:/Users/fanyin/AppData/Local/spark/spark-3.0.1-bin-hadoop3.2/tmp/hive/fanyin/1cee7f6b-c825-4b5d-9ac0-a2c655b01d40
21/01/07 19:30:32 INFO SessionState: Created local directory: C:/Users/fanyin/AppData/Local/spark/spark-3.0.1-bin-hadoop3.2/tmp/hive/1cee7f6b-c825-4b5d-9ac0-a2c655b01d40
21/01/07 19:30:32 INFO SessionState: Created HDFS directory: C:/Users/fanyin/AppData/Local/spark/spark-3.0.1-bin-hadoop3.2/tmp/hive/fanyin/1cee7f6b-c825-4b5d-9ac0-a2c655b01d40/_tmp_space.db
21/01/07 19:30:32 INFO HiveClientImpl: Warehouse location for Hive client (version 2.3.7) is C:/Users/fanyin/AppData/Local/spark/spark-3.0.1-bin-hadoop3.2/tmp/hive
21/01/07 19:30:33 WARN HiveConf: HiveConf of name hive.stats.jdbc.timeout does not exist
21/01/07 19:30:33 WARN HiveConf: HiveConf of name hive.stats.retries.wait does not exist
21/01/07 19:30:33 INFO HiveMetaStore: 0: Opening raw store with implementation class:org.apache.hadoop.hive.metastore.ObjectStore
21/01/07 19:30:33 INFO ObjectStore: ObjectStore, initialize called
21/01/07 19:30:33 INFO Persistence: Property hive.metastore.integral.jdo.pushdown unknown - will be ignored
21/01/07 19:30:33 INFO Persistence: Property datanucleus.cache.level2 unknown - will be ignored
21/01/07 19:30:34 INFO ObjectStore: Setting MetaStore object pin classes with hive.metastore.cache.pinobjtypes="Table,StorageDescriptor,SerDeInfo,Partition,Database,Type,FieldSchema,Order"
21/01/07 19:30:35 INFO MetaStoreDirectSql: Using direct SQL, underlying DB is DERBY
21/01/07 19:30:35 INFO ObjectStore: Initialized ObjectStore
21/01/07 19:30:35 WARN ObjectStore: Version information not found in metastore. hive.metastore.schema.verification is not enabled so recording the schema version 2.3.0
21/01/07 19:30:35 WARN ObjectStore: setMetaStoreSchemaVersion called but recording version is disabled: version = 2.3.0, comment = Set by MetaStore UNKNOWN@192.168.0.106
21/01/07 19:30:35 WARN ObjectStore: Failed to get database default, returning NoSuchObjectException
21/01/07 19:30:35 INFO HiveMetaStore: Added admin role in metastore
21/01/07 19:30:35 INFO HiveMetaStore: Added public role in metastore
21/01/07 19:30:36 INFO HiveMetaStore: No user is added in admin role, since config is empty
21/01/07 19:30:36 INFO HiveMetaStore: 0: get_all_functions
21/01/07 19:30:36 INFO audit: ugi=fanyin	ip=unknown-ip-addr	cmd=get_all_functions	
21/01/07 19:30:36 INFO HiveMetaStore: 0: get_database: default
21/01/07 19:30:36 INFO audit: ugi=fanyin	ip=unknown-ip-addr	cmd=get_database: default	
21/01/07 19:30:36 INFO HiveMetaStore: 0: get_database: global_temp
21/01/07 19:30:36 INFO audit: ugi=fanyin	ip=unknown-ip-addr	cmd=get_database: global_temp	
21/01/07 19:30:36 WARN ObjectStore: Failed to get database global_temp, returning NoSuchObjectException
21/01/07 19:30:36 INFO HiveMetaStore: 0: get_database: default
21/01/07 19:30:36 INFO audit: ugi=fanyin	ip=unknown-ip-addr	cmd=get_database: default	
21/01/07 19:30:36 INFO HiveMetaStore: 0: get_database: default
21/01/07 19:30:36 INFO audit: ugi=fanyin	ip=unknown-ip-addr	cmd=get_database: default	
21/01/07 19:30:36 INFO HiveMetaStore: 0: get_tables: db=default pat=*
21/01/07 19:30:36 INFO audit: ugi=fanyin	ip=unknown-ip-addr	cmd=get_tables: db=default pat=*	
21/01/07 19:30:37 INFO CodeGenerator: Code generated in 234.9653 ms
21/01/07 19:30:37 INFO CodeGenerator: Code generated in 9.9963 ms
21/01/07 19:30:37 INFO SparkContext: Starting job: count at utils.scala:116
21/01/07 19:30:37 INFO DAGScheduler: Registering RDD 2 (count at utils.scala:116) as input to shuffle 0
21/01/07 19:30:37 INFO DAGScheduler: Got job 0 (count at utils.scala:116) with 1 output partitions
21/01/07 19:30:37 INFO DAGScheduler: Final stage: ResultStage 1 (count at utils.scala:116)
21/01/07 19:30:37 INFO DAGScheduler: Parents of final stage: List(ShuffleMapStage 0)
21/01/07 19:30:37 INFO DAGScheduler: Missing parents: List()
21/01/07 19:30:37 INFO DAGScheduler: Submitting ResultStage 1 (MapPartitionsRDD[5] at count at utils.scala:116), which has no missing parents
21/01/07 19:30:37 INFO MemoryStore: Block broadcast_0 stored as values in memory (estimated size 10.1 KiB, free 912.3 MiB)
21/01/07 19:30:37 INFO MemoryStore: Block broadcast_0_piece0 stored as bytes in memory (estimated size 5.0 KiB, free 912.3 MiB)
21/01/07 19:30:37 INFO BlockManagerInfo: Added broadcast_0_piece0 in memory on 127.0.0.1:63179 (size: 5.0 KiB, free: 912.3 MiB)
21/01/07 19:30:37 INFO SparkContext: Created broadcast 0 from broadcast at DAGScheduler.scala:1223
21/01/07 19:30:37 INFO DAGScheduler: Submitting 1 missing tasks from ResultStage 1 (MapPartitionsRDD[5] at count at utils.scala:116) (first 15 tasks are for partitions Vector(0))
21/01/07 19:30:37 INFO TaskSchedulerImpl: Adding task set 1.0 with 1 tasks
21/01/07 19:30:37 INFO TaskSetManager: Starting task 0.0 in stage 1.0 (TID 0, 127.0.0.1, executor driver, partition 0, PROCESS_LOCAL, 7325 bytes)
21/01/07 19:30:37 INFO Executor: Running task 0.0 in stage 1.0 (TID 0)
21/01/07 19:30:37 INFO Executor: Fetching spark://127.0.0.1:63136/jars/sparklyr-3.0-2.12.jar with timestamp 1610076627987
21/01/07 19:30:37 INFO TransportClientFactory: Successfully created connection to /127.0.0.1:63136 after 22 ms (0 ms spent in bootstraps)
21/01/07 19:30:37 INFO Utils: Fetching spark://127.0.0.1:63136/jars/sparklyr-3.0-2.12.jar to C:\Users\fanyin\AppData\Local\spark\spark-3.0.1-bin-hadoop3.2\tmp\local\spark-b3b72d1f-7b91-4cc5-a15d-d576a02f4c25\userFiles-fe1da635-1057-48ee-b01c-9aa8febebba3\fetchFileTemp4687348654065707934.tmp
21/01/07 19:30:37 INFO Executor: Adding file:/C:/Users/fanyin/AppData/Local/spark/spark-3.0.1-bin-hadoop3.2/tmp/local/spark-b3b72d1f-7b91-4cc5-a15d-d576a02f4c25/userFiles-fe1da635-1057-48ee-b01c-9aa8febebba3/sparklyr-3.0-2.12.jar to class loader
21/01/07 19:30:38 INFO ShuffleBlockFetcherIterator: Getting 0 (0.0 B) non-empty blocks including 0 (0.0 B) local and 0 (0.0 B) host-local and 0 (0.0 B) remote blocks
21/01/07 19:30:38 INFO ShuffleBlockFetcherIterator: Started 0 remote fetches in 5 ms
21/01/07 19:30:38 INFO Executor: Finished task 0.0 in stage 1.0 (TID 0). 2641 bytes result sent to driver
21/01/07 19:30:38 INFO TaskSetManager: Finished task 0.0 in stage 1.0 (TID 0) in 429 ms on 127.0.0.1 (executor driver) (1/1)
21/01/07 19:30:38 INFO TaskSchedulerImpl: Removed TaskSet 1.0, whose tasks have all completed, from pool 
21/01/07 19:30:38 INFO DAGScheduler: ResultStage 1 (count at utils.scala:116) finished in 0.607 s
21/01/07 19:30:38 INFO DAGScheduler: Job 0 is finished. Cancelling potential speculative or zombie tasks for this job
21/01/07 19:30:38 INFO TaskSchedulerImpl: Killing all running tasks in stage 1: Stage finished
21/01/07 19:30:38 INFO DAGScheduler: Job 0 finished: count at utils.scala:116, took 0.655181 s
21/01/07 19:30:38 INFO SparkContext: Invoking stop() from shutdown hook
21/01/07 19:30:38 INFO SparkUI: Stopped Spark web UI at http://127.0.0.1:4040
21/01/07 19:30:38 INFO MapOutputTrackerMasterEndpoint: MapOutputTrackerMasterEndpoint stopped!
21/01/07 19:30:38 INFO MemoryStore: MemoryStore cleared
21/01/07 19:30:38 INFO BlockManager: BlockManager stopped
21/01/07 19:30:38 INFO BlockManagerMaster: BlockManagerMaster stopped
21/01/07 19:30:38 INFO OutputCommitCoordinator$OutputCommitCoordinatorEndpoint: OutputCommitCoordinator stopped!
21/01/07 19:30:38 INFO SparkContext: Successfully stopped SparkContext
21/01/07 19:30:38 INFO ShutdownHookManager: Shutdown hook called
21/01/07 19:30:38 INFO ShutdownHookManager: Deleting directory C:\Users\fanyin\AppData\Local\Temp\spark-4dfa3c03-a2d7-4062-adc0-fea0d0e052e0
21/01/07 19:30:38 INFO ShutdownHookManager: Deleting directory C:\Users\fanyin\AppData\Local\spark\spark-3.0.1-bin-hadoop3.2\tmp\local\spark-b3b72d1f-7b91-4cc5-a15d-d576a02f4c25
